# JRE version: OpenJDK Runtime Environment (8.0_242-b01) (build 1.8.0_242-release-1644-b01)
# Java VM: OpenJDK 64-Bit Server VM (25.242-b01 mixed mode windows-amd64 compressed oops)
Heap:
 PSYoungGen      total 1320960K, used 389910K [0x0000000760000000, 0x00000007c0000000, 0x00000007c0000000)
  eden space 1116160K, 17% used [0x0000000760000000,0x000000076bd253c8,0x00000007a4200000)
  from space 204800K, 95% used [0x00000007b2600000,0x00000007be5a0788,0x00000007bee00000)
  to   space 228352K, 0% used [0x00000007a4200000,0x00000007a4200000,0x00000007b2100000)
 ParOldGen       total 1897472K, used 1826185K [0x00000006a0000000, 0x0000000713d00000, 0x0000000760000000)
  object space 1897472K, 96% used [0x00000006a0000000,0x000000070f7627d8,0x0000000713d00000)
 Metaspace       used 564879K, capacity 607707K, committed 607892K, reserved 1576960K
  class space    used 73083K, capacity 81214K, committed 81340K, reserved 1048576K
GC Heap History (10 events):
Event: 1901.909 GC heap before
{Heap before GC invocations=262 (full 16):
 PSYoungGen      total 1303040K, used 1160278K [0x0000000760000000, 0x00000007be080000, 0x00000007c0000000)
  eden space 1057280K, 100% used [0x0000000760000000,0x00000007a0880000,0x00000007a0880000)
  from space 245760K, 41% used [0x00000007a0880000,0x00000007a6d15aa0,0x00000007af880000)
  to   space 231424K, 0% used [0x00000007afe80000,0x00000007afe80000,0x00000007be080000)
 ParOldGen       total 1897472K, used 1825745K [0x00000006a0000000, 0x0000000713d00000, 0x0000000760000000)
  object space 1897472K, 96% used [0x00000006a0000000,0x000000070f6f45a8,0x0000000713d00000)
 Metaspace       used 531932K, capacity 572535K, committed 572692K, reserved 1546240K
  class space    used 68692K, capacity 76342K, committed 76348K, reserved 1048576K
Event: 1902.015 GC heap after
Heap after GC invocations=262 (full 16):
 PSYoungGen      total 1316864K, used 88046K [0x0000000760000000, 0x00000007bde00000, 0x00000007c0000000)
  eden space 1088000K, 0% used [0x0000000760000000,0x0000000760000000,0x00000007a2680000)
  from space 228864K, 38% used [0x00000007afe80000,0x00000007b547bb90,0x00000007bde00000)
  to   space 221184K, 0% used [0x00000007a2680000,0x00000007a2680000,0x00000007afe80000)
 ParOldGen       total 1897472K, used 1825801K [0x00000006a0000000, 0x0000000713d00000, 0x0000000760000000)
  object space 1897472K, 96% used [0x00000006a0000000,0x000000070f7025a8,0x0000000713d00000)
 Metaspace       used 531932K, capacity 572535K, committed 572692K, reserved 1546240K
  class space    used 68692K, capacity 76342K, committed 76348K, reserved 1048576K
}
Event: 1952.040 GC heap before
{Heap before GC invocations=263 (full 16):
 PSYoungGen      total 1316864K, used 1176046K [0x0000000760000000, 0x00000007bde00000, 0x00000007c0000000)
  eden space 1088000K, 100% used [0x0000000760000000,0x00000007a2680000,0x00000007a2680000)
  from space 228864K, 38% used [0x00000007afe80000,0x00000007b547bb90,0x00000007bde00000)
  to   space 221184K, 0% used [0x00000007a2680000,0x00000007a2680000,0x00000007afe80000)
 ParOldGen       total 1897472K, used 1825801K [0x00000006a0000000, 0x0000000713d00000, 0x0000000760000000)
  object space 1897472K, 96% used [0x00000006a0000000,0x000000070f7025a8,0x0000000713d00000)
 Metaspace       used 555273K, capacity 596929K, committed 597012K, reserved 1566720K
  class space    used 71965K, capacity 79879K, committed 79932K, reserved 1048576K
Event: 1952.281 GC heap after
Heap after GC invocations=263 (full 16):
 PSYoungGen      total 1309184K, used 123526K [0x0000000760000000, 0x00000007bf180000, 0x00000007c0000000)
  eden space 1088000K, 0% used [0x0000000760000000,0x0000000760000000,0x00000007a2680000)
  from space 221184K, 55% used [0x00000007a2680000,0x00000007a9f21838,0x00000007afe80000)
  to   space 217600K, 0% used [0x00000007b1d00000,0x00000007b1d00000,0x00000007bf180000)
 ParOldGen       total 1897472K, used 1825849K [0x00000006a0000000, 0x0000000713d00000, 0x0000000760000000)
  object space 1897472K, 96% used [0x00000006a0000000,0x000000070f70e5a8,0x0000000713d00000)
 Metaspace       used 555273K, capacity 596929K, committed 597012K, reserved 1566720K
  class space    used 71965K, capacity 79879K, committed 79932K, reserved 1048576K
}
Event: 1959.830 GC heap before
{Heap before GC invocations=264 (full 16):
 PSYoungGen      total 1309184K, used 1211526K [0x0000000760000000, 0x00000007bf180000, 0x00000007c0000000)
  eden space 1088000K, 100% used [0x0000000760000000,0x00000007a2680000,0x00000007a2680000)
  from space 221184K, 55% used [0x00000007a2680000,0x00000007a9f21838,0x00000007afe80000)
  to   space 217600K, 0% used [0x00000007b1d00000,0x00000007b1d00000,0x00000007bf180000)
 ParOldGen       total 1897472K, used 1825976K [0x00000006a0000000, 0x0000000713d00000, 0x0000000760000000)
  object space 1897472K, 96% used [0x00000006a0000000,0x000000070f72e030,0x0000000713d00000)
 Metaspace       used 556260K, capacity 597965K, committed 598164K, reserved 1566720K
  class space    used 72067K, capacity 79987K, committed 80060K, reserved 1048576K
Event: 1959.999 GC heap after
Heap after GC invocations=264 (full 16):
 PSYoungGen      total 1345536K, used 117002K [0x0000000760000000, 0x00000007bf080000, 0x00000007c0000000)
  eden space 1128960K, 0% used [0x0000000760000000,0x0000000760000000,0x00000007a4e80000)
  from space 216576K, 54% used [0x00000007b1d00000,0x00000007b8f42b98,0x00000007bf080000)
  to   space 211456K, 0% used [0x00000007a4e80000,0x00000007a4e80000,0x00000007b1d00000)
 ParOldGen       total 1897472K, used 1826024K [0x00000006a0000000, 0x0000000713d00000, 0x0000000760000000)
  object space 1897472K, 96% used [0x00000006a0000000,0x000000070f73a030,0x0000000713d00000)
 Metaspace       used 556260K, capacity 597965K, committed 598164K, reserved 1566720K
  class space    used 72067K, capacity 79987K, committed 80060K, reserved 1048576K
}
Event: 1962.052 GC heap before
{Heap before GC invocations=265 (full 16):
 PSYoungGen      total 1345536K, used 1245962K [0x0000000760000000, 0x00000007bf080000, 0x00000007c0000000)
  eden space 1128960K, 100% used [0x0000000760000000,0x00000007a4e80000,0x00000007a4e80000)
  from space 216576K, 54% used [0x00000007b1d00000,0x00000007b8f42b98,0x00000007bf080000)
  to   space 211456K, 0% used [0x00000007a4e80000,0x00000007a4e80000,0x00000007b1d00000)
 ParOldGen       total 1897472K, used 1826025K [0x00000006a0000000, 0x0000000713d00000, 0x0000000760000000)
  object space 1897472K, 96% used [0x00000006a0000000,0x000000070f73a7d8,0x0000000713d00000)
 Metaspace       used 556474K, capacity 598239K, committed 598420K, reserved 1568768K
  class space    used 72095K, capacity 80028K, committed 80060K, reserved 1048576K
Event: 1962.203 GC heap after
Heap after GC invocations=265 (full 16):
 PSYoungGen      total 1340416K, used 115501K [0x0000000760000000, 0x00000007bee00000, 0x00000007c0000000)
  eden space 1128960K, 0% used [0x0000000760000000,0x0000000760000000,0x00000007a4e80000)
  from space 211456K, 54% used [0x00000007a4e80000,0x00000007abf4b728,0x00000007b1d00000)
  to   space 204800K, 0% used [0x00000007b2600000,0x00000007b2600000,0x00000007bee00000)
 ParOldGen       total 1897472K, used 1826113K [0x00000006a0000000, 0x0000000713d00000, 0x0000000760000000)
  object space 1897472K, 96% used [0x00000006a0000000,0x000000070f7507d8,0x0000000713d00000)
 Metaspace       used 556474K, capacity 598239K, committed 598420K, reserved 1568768K
  class space    used 72095K, capacity 80028K, committed 80060K, reserved 1048576K
}
Event: 1988.196 GC heap before
{Heap before GC invocations=266 (full 16):
 PSYoungGen      total 1340416K, used 1244461K [0x0000000760000000, 0x00000007bee00000, 0x00000007c0000000)
  eden space 1128960K, 100% used [0x0000000760000000,0x00000007a4e80000,0x00000007a4e80000)
  from space 211456K, 54% used [0x00000007a4e80000,0x00000007abf4b728,0x00000007b1d00000)
  to   space 204800K, 0% used [0x00000007b2600000,0x00000007b2600000,0x00000007bee00000)
 ParOldGen       total 1897472K, used 1826113K [0x00000006a0000000, 0x0000000713d00000, 0x0000000760000000)
  object space 1897472K, 96% used [0x00000006a0000000,0x000000070f7507d8,0x0000000713d00000)
 Metaspace       used 564158K, capacity 606959K, committed 607252K, reserved 1574912K
  class space    used 72996K, capacity 81116K, committed 81212K, reserved 1048576K
Event: 1988.797 GC heap after
Heap after GC invocations=266 (full 16):
 PSYoungGen      total 1320960K, used 196225K [0x0000000760000000, 0x00000007c0000000, 0x00000007c0000000)
  eden space 1116160K, 0% used [0x0000000760000000,0x0000000760000000,0x00000007a4200000)
  from space 204800K, 95% used [0x00000007b2600000,0x00000007be5a0788,0x00000007bee00000)
  to   space 228352K, 0% used [0x00000007a4200000,0x00000007a4200000,0x00000007b2100000)
 ParOldGen       total 1897472K, used 1826185K [0x00000006a0000000, 0x0000000713d00000, 0x0000000760000000)
  object space 1897472K, 96% used [0x00000006a0000000,0x000000070f7627d8,0x0000000713d00000)
 Metaspace       used 564158K, capacity 606959K, committed 607252K, reserved 1574912K
  class space    used 72996K, capacity 81116K, committed 81212K, reserved 1048576K
}

