# JRE version: OpenJDK Runtime Environment (8.0_242-b01) (build 1.8.0_242-release-1644-b01)
# Java VM: OpenJDK 64-Bit Server VM (25.242-b01 mixed mode windows-amd64 compressed oops)
Heap:
 PSYoungGen      total 1404928K, used 815614K [0x0000000760000000, 0x00000007bf980000, 0x00000007c0000000)
  eden space 1338368K, 55% used [0x0000000760000000,0x000000078dc0d680,0x00000007b1b00000)
  from space 66560K, 99% used [0x00000007b1b00000,0x00000007b5bc3610,0x00000007b5c00000)
  to   space 113152K, 0% used [0x00000007b8b00000,0x00000007b8b00000,0x00000007bf980000)
 ParOldGen       total 685056K, used 434391K [0x00000006a0000000, 0x00000006c9d00000, 0x0000000760000000)
  object space 685056K, 63% used [0x00000006a0000000,0x00000006ba835d58,0x00000006c9d00000)
 Metaspace       used 161340K, capacity 170674K, committed 170968K, reserved 1198080K
  class space    used 20203K, capacity 22012K, committed 22016K, reserved 1048576K
GC Heap History (10 events):
Event: 215.731 GC heap before
{Heap before GC invocations=59 (full 8):
 PSYoungGen      total 1446400K, used 1393380K [0x0000000760000000, 0x00000007bfd80000, 0x00000007c0000000)
  eden space 1320960K, 100% used [0x0000000760000000,0x00000007b0a00000,0x00000007b0a00000)
  from space 125440K, 57% used [0x00000007b8300000,0x00000007bc9b9220,0x00000007bfd80000)
  to   space 123904K, 0% used [0x00000007b0a00000,0x00000007b0a00000,0x00000007b8300000)
 ParOldGen       total 685056K, used 402515K [0x00000006a0000000, 0x00000006c9d00000, 0x0000000760000000)
  object space 685056K, 58% used [0x00000006a0000000,0x00000006b8914f80,0x00000006c9d00000)
 Metaspace       used 144662K, capacity 152818K, committed 153176K, reserved 1181696K
  class space    used 18332K, capacity 19930K, committed 20096K, reserved 1048576K
Event: 215.872 GC heap after
Heap after GC invocations=59 (full 8):
 PSYoungGen      total 1444864K, used 45384K [0x0000000760000000, 0x00000007bfb80000, 0x00000007c0000000)
  eden space 1320960K, 0% used [0x0000000760000000,0x0000000760000000,0x00000007b0a00000)
  from space 123904K, 36% used [0x00000007b0a00000,0x00000007b3652190,0x00000007b8300000)
  to   space 122368K, 0% used [0x00000007b8400000,0x00000007b8400000,0x00000007bfb80000)
 ParOldGen       total 685056K, used 434359K [0x00000006a0000000, 0x00000006c9d00000, 0x0000000760000000)
  object space 685056K, 63% used [0x00000006a0000000,0x00000006ba82dd58,0x00000006c9d00000)
 Metaspace       used 144662K, capacity 152818K, committed 153176K, reserved 1181696K
  class space    used 18332K, capacity 19930K, committed 20096K, reserved 1048576K
}
Event: 222.362 GC heap before
{Heap before GC invocations=60 (full 8):
 PSYoungGen      total 1444864K, used 1366344K [0x0000000760000000, 0x00000007bfb80000, 0x00000007c0000000)
  eden space 1320960K, 100% used [0x0000000760000000,0x00000007b0a00000,0x00000007b0a00000)
  from space 123904K, 36% used [0x00000007b0a00000,0x00000007b3652190,0x00000007b8300000)
  to   space 122368K, 0% used [0x00000007b8400000,0x00000007b8400000,0x00000007bfb80000)
 ParOldGen       total 685056K, used 434359K [0x00000006a0000000, 0x00000006c9d00000, 0x0000000760000000)
  object space 685056K, 63% used [0x00000006a0000000,0x00000006ba82dd58,0x00000006c9d00000)
 Metaspace       used 145289K, capacity 153490K, committed 153688K, reserved 1183744K
  class space    used 18402K, capacity 20022K, committed 20096K, reserved 1048576K
Event: 222.416 GC heap after
Heap after GC invocations=60 (full 8):
 PSYoungGen      total 1442816K, used 68323K [0x0000000760000000, 0x00000007bf580000, 0x00000007c0000000)
  eden space 1326592K, 0% used [0x0000000760000000,0x0000000760000000,0x00000007b0f80000)
  from space 116224K, 58% used [0x00000007b8400000,0x00000007bc6b8ee8,0x00000007bf580000)
  to   space 117760K, 0% used [0x00000007b0f80000,0x00000007b0f80000,0x00000007b8280000)
 ParOldGen       total 685056K, used 434367K [0x00000006a0000000, 0x00000006c9d00000, 0x0000000760000000)
  object space 685056K, 63% used [0x00000006a0000000,0x00000006ba82fd58,0x00000006c9d00000)
 Metaspace       used 145289K, capacity 153490K, committed 153688K, reserved 1183744K
  class space    used 18402K, capacity 20022K, committed 20096K, reserved 1048576K
}
Event: 278.507 GC heap before
{Heap before GC invocations=61 (full 8):
 PSYoungGen      total 1442816K, used 1394915K [0x0000000760000000, 0x00000007bf580000, 0x00000007c0000000)
  eden space 1326592K, 100% used [0x0000000760000000,0x00000007b0f80000,0x00000007b0f80000)
  from space 116224K, 58% used [0x00000007b8400000,0x00000007bc6b8ee8,0x00000007bf580000)
  to   space 117760K, 0% used [0x00000007b0f80000,0x00000007b0f80000,0x00000007b8280000)
 ParOldGen       total 685056K, used 434367K [0x00000006a0000000, 0x00000006c9d00000, 0x0000000760000000)
  object space 685056K, 63% used [0x00000006a0000000,0x00000006ba82fd58,0x00000006c9d00000)
 Metaspace       used 147735K, capacity 156404K, committed 156632K, reserved 1185792K
  class space    used 18679K, capacity 20374K, committed 20480K, reserved 1048576K
Event: 278.537 GC heap after
Heap after GC invocations=61 (full 8):
 PSYoungGen      total 1444352K, used 42707K [0x0000000760000000, 0x00000007bfe80000, 0x00000007c0000000)
  eden space 1326592K, 0% used [0x0000000760000000,0x0000000760000000,0x00000007b0f80000)
  from space 117760K, 36% used [0x00000007b0f80000,0x00000007b3934fc0,0x00000007b8280000)
  to   space 116224K, 0% used [0x00000007b8d00000,0x00000007b8d00000,0x00000007bfe80000)
 ParOldGen       total 685056K, used 434375K [0x00000006a0000000, 0x00000006c9d00000, 0x0000000760000000)
  object space 685056K, 63% used [0x00000006a0000000,0x00000006ba831d58,0x00000006c9d00000)
 Metaspace       used 147735K, capacity 156404K, committed 156632K, reserved 1185792K
  class space    used 18679K, capacity 20374K, committed 20480K, reserved 1048576K
}
Event: 295.458 GC heap before
{Heap before GC invocations=62 (full 8):
 PSYoungGen      total 1444352K, used 1369299K [0x0000000760000000, 0x00000007bfe80000, 0x00000007c0000000)
  eden space 1326592K, 100% used [0x0000000760000000,0x00000007b0f80000,0x00000007b0f80000)
  from space 117760K, 36% used [0x00000007b0f80000,0x00000007b3934fc0,0x00000007b8280000)
  to   space 116224K, 0% used [0x00000007b8d00000,0x00000007b8d00000,0x00000007bfe80000)
 ParOldGen       total 685056K, used 434375K [0x00000006a0000000, 0x00000006c9d00000, 0x0000000760000000)
  object space 685056K, 63% used [0x00000006a0000000,0x00000006ba831d58,0x00000006c9d00000)
 Metaspace       used 150716K, capacity 159682K, committed 159704K, reserved 1187840K
  class space    used 18973K, capacity 20732K, committed 20736K, reserved 1048576K
Event: 295.507 GC heap after
Heap after GC invocations=62 (full 8):
 PSYoungGen      total 1454592K, used 31519K [0x0000000760000000, 0x00000007bff80000, 0x00000007c0000000)
  eden space 1338368K, 0% used [0x0000000760000000,0x0000000760000000,0x00000007b1b00000)
  from space 116224K, 27% used [0x00000007b8d00000,0x00000007babc7ff0,0x00000007bfe80000)
  to   space 116736K, 0% used [0x00000007b1b00000,0x00000007b1b00000,0x00000007b8d00000)
 ParOldGen       total 685056K, used 434383K [0x00000006a0000000, 0x00000006c9d00000, 0x0000000760000000)
  object space 685056K, 63% used [0x00000006a0000000,0x00000006ba833d58,0x00000006c9d00000)
 Metaspace       used 150716K, capacity 159682K, committed 159704K, reserved 1187840K
  class space    used 18973K, capacity 20732K, committed 20736K, reserved 1048576K
}
Event: 314.855 GC heap before
{Heap before GC invocations=63 (full 8):
 PSYoungGen      total 1454592K, used 1369412K [0x0000000760000000, 0x00000007bff80000, 0x00000007c0000000)
  eden space 1338368K, 99% used [0x0000000760000000,0x00000007b1a893f8,0x00000007b1b00000)
  from space 116224K, 27% used [0x00000007b8d00000,0x00000007babc7ff0,0x00000007bfe80000)
  to   space 116736K, 0% used [0x00000007b1b00000,0x00000007b1b00000,0x00000007b8d00000)
 ParOldGen       total 685056K, used 434383K [0x00000006a0000000, 0x00000006c9d00000, 0x0000000760000000)
  object space 685056K, 63% used [0x00000006a0000000,0x00000006ba833d58,0x00000006c9d00000)
 Metaspace       used 153162K, capacity 162240K, committed 162520K, reserved 1191936K
  class space    used 19136K, capacity 20921K, committed 20992K, reserved 1048576K
Event: 314.989 GC heap after
Heap after GC invocations=63 (full 8):
 PSYoungGen      total 1404928K, used 66317K [0x0000000760000000, 0x00000007bf980000, 0x00000007c0000000)
  eden space 1338368K, 0% used [0x0000000760000000,0x0000000760000000,0x00000007b1b00000)
  from space 66560K, 99% used [0x00000007b1b00000,0x00000007b5bc3610,0x00000007b5c00000)
  to   space 113152K, 0% used [0x00000007b8b00000,0x00000007b8b00000,0x00000007bf980000)
 ParOldGen       total 685056K, used 434391K [0x00000006a0000000, 0x00000006c9d00000, 0x0000000760000000)
  object space 685056K, 63% used [0x00000006a0000000,0x00000006ba835d58,0x00000006c9d00000)
 Metaspace       used 153162K, capacity 162240K, committed 162520K, reserved 1191936K
  class space    used 19136K, capacity 20921K, committed 20992K, reserved 1048576K
}

