# JRE version: OpenJDK Runtime Environment (8.0_242-b01) (build 1.8.0_242-release-1644-b01)
# Java VM: OpenJDK 64-Bit Server VM (25.242-b01 mixed mode windows-amd64 compressed oops)
Heap:
 PSYoungGen      total 1392128K, used 71124K [0x0000000760000000, 0x00000007c0000000, 0x00000007c0000000)
  eden space 1283072K, 5% used [0x0000000760000000,0x0000000764575068,0x00000007ae500000)
  from space 109056K, 0% used [0x00000007ae500000,0x00000007ae500000,0x00000007b4f80000)
  to   space 156160K, 0% used [0x00000007b6780000,0x00000007b6780000,0x00000007c0000000)
 ParOldGen       total 605184K, used 347035K [0x00000006a0000000, 0x00000006c4f00000, 0x0000000760000000)
  object space 605184K, 57% used [0x00000006a0000000,0x00000006b52e6c20,0x00000006c4f00000)
 Metaspace       used 185510K, capacity 193910K, committed 194068K, reserved 1218560K
  class space    used 23141K, capacity 24849K, committed 24892K, reserved 1048576K
GC Heap History (10 events):
Event: 5550.097 GC heap before
{Heap before GC invocations=42 (full 6):
 PSYoungGen      total 1325568K, used 50098K [0x0000000760000000, 0x00000007b7280000, 0x00000007c0000000)
  eden space 1249792K, 0% used [0x0000000760000000,0x0000000760000000,0x00000007ac480000)
  from space 75776K, 66% used [0x00000007b2880000,0x00000007b596cb00,0x00000007b7280000)
  to   space 89088K, 0% used [0x00000007ac480000,0x00000007ac480000,0x00000007b1b80000)
 ParOldGen       total 314880K, used 265043K [0x00000006a0000000, 0x00000006b3380000, 0x0000000760000000)
  object space 314880K, 84% used [0x00000006a0000000,0x00000006b02d4da8,0x00000006b3380000)
 Metaspace       used 142682K, capacity 148712K, committed 148884K, reserved 1179648K
  class space    used 17775K, capacity 19039K, committed 19132K, reserved 1048576K
Event: 5551.273 GC heap after
Heap after GC invocations=42 (full 6):
 PSYoungGen      total 1325568K, used 0K [0x0000000760000000, 0x00000007b7280000, 0x00000007c0000000)
  eden space 1249792K, 0% used [0x0000000760000000,0x0000000760000000,0x00000007ac480000)
  from space 75776K, 0% used [0x00000007b2880000,0x00000007b2880000,0x00000007b7280000)
  to   space 89088K, 0% used [0x00000007ac480000,0x00000007ac480000,0x00000007b1b80000)
 ParOldGen       total 379904K, used 180111K [0x00000006a0000000, 0x00000006b7300000, 0x0000000760000000)
  object space 379904K, 47% used [0x00000006a0000000,0x00000006aafe3d28,0x00000006b7300000)
 Metaspace       used 140536K, capacity 146368K, committed 148884K, reserved 1179648K
  class space    used 17492K, capacity 18712K, committed 19132K, reserved 1048576K
}
Event: 5598.188 GC heap before
{Heap before GC invocations=43 (full 6):
 PSYoungGen      total 1325568K, used 1249792K [0x0000000760000000, 0x00000007b7280000, 0x00000007c0000000)
  eden space 1249792K, 100% used [0x0000000760000000,0x00000007ac480000,0x00000007ac480000)
  from space 75776K, 0% used [0x00000007b2880000,0x00000007b2880000,0x00000007b7280000)
  to   space 89088K, 0% used [0x00000007ac480000,0x00000007ac480000,0x00000007b1b80000)
 ParOldGen       total 379904K, used 180111K [0x00000006a0000000, 0x00000006b7300000, 0x0000000760000000)
  object space 379904K, 47% used [0x00000006a0000000,0x00000006aafe3d28,0x00000006b7300000)
 Metaspace       used 150739K, capacity 157136K, committed 157332K, reserved 1185792K
  class space    used 18722K, capacity 20056K, committed 20156K, reserved 1048576K
Event: 5599.495 GC heap after
Heap after GC invocations=43 (full 6):
 PSYoungGen      total 1338880K, used 66063K [0x0000000760000000, 0x00000007c0000000, 0x00000007c0000000)
  eden space 1249792K, 0% used [0x0000000760000000,0x0000000760000000,0x00000007ac480000)
  from space 89088K, 74% used [0x00000007ac480000,0x00000007b0503f98,0x00000007b1b80000)
  to   space 94720K, 0% used [0x00000007ba380000,0x00000007ba380000,0x00000007c0000000)
 ParOldGen       total 379904K, used 180119K [0x00000006a0000000, 0x00000006b7300000, 0x0000000760000000)
  object space 379904K, 47% used [0x00000006a0000000,0x00000006aafe5d28,0x00000006b7300000)
 Metaspace       used 150739K, capacity 157136K, committed 157332K, reserved 1185792K
  class space    used 18722K, capacity 20056K, committed 20156K, reserved 1048576K
}
Event: 5613.997 GC heap before
{Heap before GC invocations=44 (full 6):
 PSYoungGen      total 1338880K, used 1315855K [0x0000000760000000, 0x00000007c0000000, 0x00000007c0000000)
  eden space 1249792K, 100% used [0x0000000760000000,0x00000007ac480000,0x00000007ac480000)
  from space 89088K, 74% used [0x00000007ac480000,0x00000007b0503f98,0x00000007b1b80000)
  to   space 94720K, 0% used [0x00000007ba380000,0x00000007ba380000,0x00000007c0000000)
 ParOldGen       total 379904K, used 180119K [0x00000006a0000000, 0x00000006b7300000, 0x0000000760000000)
  object space 379904K, 47% used [0x00000006a0000000,0x00000006aafe5d28,0x00000006b7300000)
 Metaspace       used 169413K, capacity 177336K, committed 177556K, reserved 1204224K
  class space    used 21260K, capacity 22886K, committed 22972K, reserved 1048576K
Event: 5615.049 GC heap after
Heap after GC invocations=44 (full 6):
 PSYoungGen      total 1377792K, used 94693K [0x0000000760000000, 0x00000007c0000000, 0x00000007c0000000)
  eden space 1283072K, 0% used [0x0000000760000000,0x0000000760000000,0x00000007ae500000)
  from space 94720K, 99% used [0x00000007ba380000,0x00000007bfff9490,0x00000007c0000000)
  to   space 144896K, 0% used [0x00000007ae500000,0x00000007ae500000,0x00000007b7280000)
 ParOldGen       total 379904K, used 275167K [0x00000006a0000000, 0x00000006b7300000, 0x0000000760000000)
  object space 379904K, 72% used [0x00000006a0000000,0x00000006b0cb7d00,0x00000006b7300000)
 Metaspace       used 169413K, capacity 177336K, committed 177556K, reserved 1204224K
  class space    used 21260K, capacity 22886K, committed 22972K, reserved 1048576K
}
Event: 5712.761 GC heap before
{Heap before GC invocations=45 (full 6):
 PSYoungGen      total 1377792K, used 1377765K [0x0000000760000000, 0x00000007c0000000, 0x00000007c0000000)
  eden space 1283072K, 100% used [0x0000000760000000,0x00000007ae500000,0x00000007ae500000)
  from space 94720K, 99% used [0x00000007ba380000,0x00000007bfff9490,0x00000007c0000000)
  to   space 144896K, 0% used [0x00000007ae500000,0x00000007ae500000,0x00000007b7280000)
 ParOldGen       total 379904K, used 275167K [0x00000006a0000000, 0x00000006b7300000, 0x0000000760000000)
  object space 379904K, 72% used [0x00000006a0000000,0x00000006b0cb7d00,0x00000006b7300000)
 Metaspace       used 182997K, capacity 191360K, committed 191764K, reserved 1216512K
  class space    used 22832K, capacity 24534K, committed 24636K, reserved 1048576K
Event: 5715.105 GC heap after
Heap after GC invocations=45 (full 6):
 PSYoungGen      total 1392128K, used 108847K [0x0000000760000000, 0x00000007c0000000, 0x00000007c0000000)
  eden space 1283072K, 0% used [0x0000000760000000,0x0000000760000000,0x00000007ae500000)
  from space 109056K, 99% used [0x00000007ae500000,0x00000007b4f4bf50,0x00000007b4f80000)
  to   space 156160K, 0% used [0x00000007b6780000,0x00000007b6780000,0x00000007c0000000)
 ParOldGen       total 379904K, used 360499K [0x00000006a0000000, 0x00000006b7300000, 0x0000000760000000)
  object space 379904K, 94% used [0x00000006a0000000,0x00000006b600cd88,0x00000006b7300000)
 Metaspace       used 182997K, capacity 191360K, committed 191764K, reserved 1216512K
  class space    used 22832K, capacity 24534K, committed 24636K, reserved 1048576K
}
Event: 5715.105 GC heap before
{Heap before GC invocations=46 (full 7):
 PSYoungGen      total 1392128K, used 108847K [0x0000000760000000, 0x00000007c0000000, 0x00000007c0000000)
  eden space 1283072K, 0% used [0x0000000760000000,0x0000000760000000,0x00000007ae500000)
  from space 109056K, 99% used [0x00000007ae500000,0x00000007b4f4bf50,0x00000007b4f80000)
  to   space 156160K, 0% used [0x00000007b6780000,0x00000007b6780000,0x00000007c0000000)
 ParOldGen       total 379904K, used 360499K [0x00000006a0000000, 0x00000006b7300000, 0x0000000760000000)
  object space 379904K, 94% used [0x00000006a0000000,0x00000006b600cd88,0x00000006b7300000)
 Metaspace       used 182997K, capacity 191360K, committed 191764K, reserved 1216512K
  class space    used 22832K, capacity 24534K, committed 24636K, reserved 1048576K
Event: 5718.703 GC heap after
Heap after GC invocations=46 (full 7):
 PSYoungGen      total 1392128K, used 0K [0x0000000760000000, 0x00000007c0000000, 0x00000007c0000000)
  eden space 1283072K, 0% used [0x0000000760000000,0x0000000760000000,0x00000007ae500000)
  from space 109056K, 0% used [0x00000007ae500000,0x00000007ae500000,0x00000007b4f80000)
  to   space 156160K, 0% used [0x00000007b6780000,0x00000007b6780000,0x00000007c0000000)
 ParOldGen       total 605184K, used 347035K [0x00000006a0000000, 0x00000006c4f00000, 0x0000000760000000)
  object space 605184K, 57% used [0x00000006a0000000,0x00000006b52e6c20,0x00000006c4f00000)
 Metaspace       used 182997K, capacity 191360K, committed 191764K, reserved 1216512K
  class space    used 22832K, capacity 24534K, committed 24636K, reserved 1048576K
}

