# JRE version: OpenJDK Runtime Environment (8.0_322-b06) (build 1.8.0_322-b06)
# Java VM: OpenJDK 64-Bit Server VM (25.322-b06 mixed mode windows-amd64 compressed oops)
Heap:
 PSYoungGen      total 1434624K, used 815253K [0x0000000760000000, 0x00000007c0000000, 0x00000007c0000000)
  eden space 1296384K, 61% used [0x0000000760000000,0x0000000790caef48,0x00000007af200000)
  from space 138240K, 11% used [0x00000007af200000,0x00000007b0176608,0x00000007b7900000)
  to   space 136192K, 0% used [0x00000007b7b00000,0x00000007b7b00000,0x00000007c0000000)
 ParOldGen       total 467456K, used 328031K [0x00000006a0000000, 0x00000006bc880000, 0x0000000760000000)
  object space 467456K, 70% used [0x00000006a0000000,0x00000006b4057e10,0x00000006bc880000)
 Metaspace       used 134479K, capacity 141314K, committed 141568K, reserved 1171456K
  class space    used 17363K, capacity 18652K, committed 18688K, reserved 1048576K
GC Heap History (10 events):
Event: 227.246 GC heap before
{Heap before GC invocations=34 (full 6):
 PSYoungGen      total 1341952K, used 1268224K [0x0000000760000000, 0x00000007c0000000, 0x00000007c0000000)
  eden space 1268224K, 100% used [0x0000000760000000,0x00000007ad680000,0x00000007ad680000)
  from space 73728K, 0% used [0x00000007ad680000,0x00000007ad680000,0x00000007b1e80000)
  to   space 102912K, 0% used [0x00000007b9b80000,0x00000007b9b80000,0x00000007c0000000)
 ParOldGen       total 340480K, used 193027K [0x00000006a0000000, 0x00000006b4c80000, 0x0000000760000000)
  object space 340480K, 56% used [0x00000006a0000000,0x00000006abc80c88,0x00000006b4c80000)
 Metaspace       used 118150K, capacity 123658K, committed 123776K, reserved 1157120K
  class space    used 15363K, capacity 16433K, committed 16512K, reserved 1048576K
Event: 228.007 GC heap after
Heap after GC invocations=34 (full 6):
 PSYoungGen      total 1443328K, used 91486K [0x0000000760000000, 0x00000007c0000000, 0x00000007c0000000)
  eden space 1340416K, 0% used [0x0000000760000000,0x0000000760000000,0x00000007b1d00000)
  from space 102912K, 88% used [0x00000007b9b80000,0x00000007bf4d78a8,0x00000007c0000000)
  to   space 116224K, 0% used [0x00000007b1d00000,0x00000007b1d00000,0x00000007b8e80000)
 ParOldGen       total 340480K, used 193035K [0x00000006a0000000, 0x00000006b4c80000, 0x0000000760000000)
  object space 340480K, 56% used [0x00000006a0000000,0x00000006abc82c88,0x00000006b4c80000)
 Metaspace       used 118150K, capacity 123658K, committed 123776K, reserved 1157120K
  class space    used 15363K, capacity 16433K, committed 16512K, reserved 1048576K
}
Event: 389.546 GC heap before
{Heap before GC invocations=35 (full 6):
 PSYoungGen      total 1443328K, used 1431902K [0x0000000760000000, 0x00000007c0000000, 0x00000007c0000000)
  eden space 1340416K, 100% used [0x0000000760000000,0x00000007b1d00000,0x00000007b1d00000)
  from space 102912K, 88% used [0x00000007b9b80000,0x00000007bf4d78a8,0x00000007c0000000)
  to   space 116224K, 0% used [0x00000007b1d00000,0x00000007b1d00000,0x00000007b8e80000)
 ParOldGen       total 340480K, used 193035K [0x00000006a0000000, 0x00000006b4c80000, 0x0000000760000000)
  object space 340480K, 56% used [0x00000006a0000000,0x00000006abc82c88,0x00000006b4c80000)
 Metaspace       used 131778K, capacity 138304K, committed 138624K, reserved 1169408K
  class space    used 17195K, capacity 18443K, committed 18560K, reserved 1048576K
Event: 394.082 GC heap after
Heap after GC invocations=35 (full 6):
 PSYoungGen      total 1426944K, used 86353K [0x0000000760000000, 0x00000007c0000000, 0x00000007c0000000)
  eden space 1340416K, 0% used [0x0000000760000000,0x0000000760000000,0x00000007b1d00000)
  from space 86528K, 99% used [0x00000007b1d00000,0x00000007b7154460,0x00000007b7180000)
  to   space 124928K, 0% used [0x00000007b8600000,0x00000007b8600000,0x00000007c0000000)
 ParOldGen       total 340480K, used 281482K [0x00000006a0000000, 0x00000006b4c80000, 0x0000000760000000)
  object space 340480K, 82% used [0x00000006a0000000,0x00000006b12e28e0,0x00000006b4c80000)
 Metaspace       used 131778K, capacity 138304K, committed 138624K, reserved 1169408K
  class space    used 17195K, capacity 18443K, committed 18560K, reserved 1048576K
}
Event: 394.082 GC heap before
{Heap before GC invocations=36 (full 7):
 PSYoungGen      total 1426944K, used 86353K [0x0000000760000000, 0x00000007c0000000, 0x00000007c0000000)
  eden space 1340416K, 0% used [0x0000000760000000,0x0000000760000000,0x00000007b1d00000)
  from space 86528K, 99% used [0x00000007b1d00000,0x00000007b7154460,0x00000007b7180000)
  to   space 124928K, 0% used [0x00000007b8600000,0x00000007b8600000,0x00000007c0000000)
 ParOldGen       total 340480K, used 281482K [0x00000006a0000000, 0x00000006b4c80000, 0x0000000760000000)
  object space 340480K, 82% used [0x00000006a0000000,0x00000006b12e28e0,0x00000006b4c80000)
 Metaspace       used 131778K, capacity 138304K, committed 138624K, reserved 1169408K
  class space    used 17195K, capacity 18443K, committed 18560K, reserved 1048576K
Event: 398.049 GC heap after
Heap after GC invocations=36 (full 7):
 PSYoungGen      total 1426944K, used 0K [0x0000000760000000, 0x00000007c0000000, 0x00000007c0000000)
  eden space 1340416K, 0% used [0x0000000760000000,0x0000000760000000,0x00000007b1d00000)
  from space 86528K, 0% used [0x00000007b1d00000,0x00000007b1d00000,0x00000007b7180000)
  to   space 124928K, 0% used [0x00000007b8600000,0x00000007b8600000,0x00000007c0000000)
 ParOldGen       total 467456K, used 284124K [0x00000006a0000000, 0x00000006bc880000, 0x0000000760000000)
  object space 467456K, 60% used [0x00000006a0000000,0x00000006b15772b8,0x00000006bc880000)
 Metaspace       used 131570K, capacity 137840K, committed 138624K, reserved 1169408K
  class space    used 17122K, capacity 18317K, committed 18560K, reserved 1048576K
}
Event: 421.065 GC heap before
{Heap before GC invocations=37 (full 7):
 PSYoungGen      total 1426944K, used 1340416K [0x0000000760000000, 0x00000007c0000000, 0x00000007c0000000)
  eden space 1340416K, 100% used [0x0000000760000000,0x00000007b1d00000,0x00000007b1d00000)
  from space 86528K, 0% used [0x00000007b1d00000,0x00000007b1d00000,0x00000007b7180000)
  to   space 124928K, 0% used [0x00000007b8600000,0x00000007b8600000,0x00000007c0000000)
 ParOldGen       total 467456K, used 284124K [0x00000006a0000000, 0x00000006bc880000, 0x0000000760000000)
  object space 467456K, 60% used [0x00000006a0000000,0x00000006b15772b8,0x00000006bc880000)
 Metaspace       used 134039K, capacity 140818K, committed 141056K, reserved 1171456K
  class space    used 17324K, capacity 18592K, committed 18688K, reserved 1048576K
Event: 421.575 GC heap after
Heap after GC invocations=37 (full 7):
 PSYoungGen      total 1421312K, used 103874K [0x0000000760000000, 0x00000007c0000000, 0x00000007c0000000)
  eden space 1296384K, 0% used [0x0000000760000000,0x0000000760000000,0x00000007af200000)
  from space 124928K, 83% used [0x00000007b8600000,0x00000007beb70878,0x00000007c0000000)
  to   space 138240K, 0% used [0x00000007af200000,0x00000007af200000,0x00000007b7900000)
 ParOldGen       total 467456K, used 284124K [0x00000006a0000000, 0x00000006bc880000, 0x0000000760000000)
  object space 467456K, 60% used [0x00000006a0000000,0x00000006b15772b8,0x00000006bc880000)
 Metaspace       used 134039K, capacity 140818K, committed 141056K, reserved 1171456K
  class space    used 17324K, capacity 18592K, committed 18688K, reserved 1048576K
}
Event: 426.877 GC heap before
{Heap before GC invocations=38 (full 7):
 PSYoungGen      total 1421312K, used 1400258K [0x0000000760000000, 0x00000007c0000000, 0x00000007c0000000)
  eden space 1296384K, 100% used [0x0000000760000000,0x00000007af200000,0x00000007af200000)
  from space 124928K, 83% used [0x00000007b8600000,0x00000007beb70878,0x00000007c0000000)
  to   space 138240K, 0% used [0x00000007af200000,0x00000007af200000,0x00000007b7900000)
 ParOldGen       total 467456K, used 284124K [0x00000006a0000000, 0x00000006bc880000, 0x0000000760000000)
  object space 467456K, 60% used [0x00000006a0000000,0x00000006b15772b8,0x00000006bc880000)
 Metaspace       used 134428K, capacity 141310K, committed 141568K, reserved 1171456K
  class space    used 17363K, capacity 18652K, committed 18688K, reserved 1048576K
Event: 427.318 GC heap after
Heap after GC invocations=38 (full 7):
 PSYoungGen      total 1434624K, used 15833K [0x0000000760000000, 0x00000007c0000000, 0x00000007c0000000)
  eden space 1296384K, 0% used [0x0000000760000000,0x0000000760000000,0x00000007af200000)
  from space 138240K, 11% used [0x00000007af200000,0x00000007b0176608,0x00000007b7900000)
  to   space 136192K, 0% used [0x00000007b7b00000,0x00000007b7b00000,0x00000007c0000000)
 ParOldGen       total 467456K, used 328031K [0x00000006a0000000, 0x00000006bc880000, 0x0000000760000000)
  object space 467456K, 70% used [0x00000006a0000000,0x00000006b4057e10,0x00000006bc880000)
 Metaspace       used 134428K, capacity 141310K, committed 141568K, reserved 1171456K
  class space    used 17363K, capacity 18652K, committed 18688K, reserved 1048576K
}

